In file included from /home/linaro/Downloads/phantomjs-1.9.2/src/qt/include/QtCore/qstring.h:1:0,
                 from /home/linaro/Downloads/phantomjs-1.9.2/src/qt/include/QtCore/../../src/corelib/io/qiodevice.h:51,
                 from /home/linaro/Downloads/phantomjs-1.9.2/src/qt/include/QtCore/qiodevice.h:1,
                 from /home/linaro/Downloads/phantomjs-1.9.2/src/qt/include/QtCore/../../src/corelib/io/qdatastream.h:46,
                 from /home/linaro/Downloads/phantomjs-1.9.2/src/qt/include/QtCore/qdatastream.h:1,
                 from /home/linaro/Downloads/phantomjs-1.9.2/src/qt/include/QtCore/../../src/corelib/tools/qstringlist.h:46,
                 from /home/linaro/Downloads/phantomjs-1.9.2/src/qt/include/QtCore/qstringlist.h:1,
                 from project.h:45,
                 from main.cpp:42:
/home/linaro/Downloads/phantomjs-1.9.2/src/qt/include/QtCore/../../src/corelib/tools/qstring.h:174:17: note: the mangling of ‘va_list’ has changed in GCC 4.4
In file included from /home/linaro/Downloads/phantomjs-1.9.2/src/qt/include/QtCore/qstring.h:1:0,
                 from property.h:46,
                 from property.cpp:42:
/home/linaro/Downloads/phantomjs-1.9.2/src/qt/include/QtCore/../../src/corelib/tools/qstring.h:174:17: note: the mangling of ‘va_list’ has changed in GCC 4.4
In file included from /home/linaro/Downloads/phantomjs-1.9.2/src/qt/include/QtCore/qstring.h:1:0,
                 from /home/linaro/Downloads/phantomjs-1.9.2/src/qt/include/QtCore/../../src/corelib/io/qiodevice.h:51,
                 from /home/linaro/Downloads/phantomjs-1.9.2/src/qt/include/QtCore/qiodevice.h:1,
                 from /home/linaro/Downloads/phantomjs-1.9.2/src/qt/include/QtCore/../../src/corelib/io/qdatastream.h:46,
                 from /home/linaro/Downloads/phantomjs-1.9.2/src/qt/include/QtCore/qdatastream.h:1,
                 from /home/linaro/Downloads/phantomjs-1.9.2/src/qt/include/QtCore/../../src/corelib/tools/qstringlist.h:46,
                 from /home/linaro/Downloads/phantomjs-1.9.2/src/qt/include/QtCore/qstringlist.h:1,
                 from ./project.h:45,
                 from ./option.h:45,
                 from generators/makefile.h:45,
                 from generators/unix/unixmake.h:45,
                 from generators/unix/unixmake.cpp:42:
/home/linaro/Downloads/phantomjs-1.9.2/src/qt/include/QtCore/../../src/corelib/tools/qstring.h:174:17: note: the mangling of ‘va_list’ has changed in GCC 4.4
In file included from /home/linaro/Downloads/phantomjs-1.9.2/src/qt/include/QtCore/qstring.h:1:0,
                 from /home/linaro/Downloads/phantomjs-1.9.2/src/qt/include/QtCore/../../src/corelib/io/qiodevice.h:51,
                 from /home/linaro/Downloads/phantomjs-1.9.2/src/qt/include/QtCore/qiodevice.h:1,
                 from /home/linaro/Downloads/phantomjs-1.9.2/src/qt/include/QtCore/../../src/corelib/io/qdatastream.h:46,
                 from /home/linaro/Downloads/phantomjs-1.9.2/src/qt/include/QtCore/qdatastream.h:1,
                 from /home/linaro/Downloads/phantomjs-1.9.2/src/qt/include/QtCore/../../src/corelib/tools/qstringlist.h:46,
                 from /home/linaro/Downloads/phantomjs-1.9.2/src/qt/include/QtCore/qstringlist.h:1,
                 from project.h:45,
                 from project.cpp:42:
/home/linaro/Downloads/phantomjs-1.9.2/src/qt/include/QtCore/../../src/corelib/tools/qstring.h:174:17: note: the mangling of ‘va_list’ has changed in GCC 4.4
In file included from /home/linaro/Downloads/phantomjs-1.9.2/src/qt/include/QtCore/qstring.h:1:0,
                 from /home/linaro/Downloads/phantomjs-1.9.2/src/qt/include/QtCore/../../src/corelib/io/qiodevice.h:51,
                 from /home/linaro/Downloads/phantomjs-1.9.2/src/qt/include/QtCore/qiodevice.h:1,
                 from /home/linaro/Downloads/phantomjs-1.9.2/src/qt/include/QtCore/../../src/corelib/io/qdatastream.h:46,
                 from /home/linaro/Downloads/phantomjs-1.9.2/src/qt/include/QtCore/qdatastream.h:1,
                 from /home/linaro/Downloads/phantomjs-1.9.2/src/qt/include/QtCore/../../src/corelib/tools/qstringlist.h:46,
                 from /home/linaro/Downloads/phantomjs-1.9.2/src/qt/include/QtCore/qstringlist.h:1,
                 from ./project.h:45,
                 from ./option.h:45,
                 from generators/makefile.h:45,
                 from generators/win32/winmakefile.h:45,
                 from generators/win32/mingw_make.h:45,
                 from generators/win32/mingw_make.cpp:42:
/home/linaro/Downloads/phantomjs-1.9.2/src/qt/include/QtCore/../../src/corelib/tools/qstring.h:174:17: note: the mangling of ‘va_list’ has changed in GCC 4.4
In file included from /home/linaro/Downloads/phantomjs-1.9.2/src/qt/include/QtCore/qstring.h:1:0,
                 from /home/linaro/Downloads/phantomjs-1.9.2/src/qt/include/QtCore/../../src/corelib/io/qiodevice.h:51,
                 from /home/linaro/Downloads/phantomjs-1.9.2/src/qt/include/QtCore/qiodevice.h:1,
                 from /home/linaro/Downloads/phantomjs-1.9.2/src/qt/include/QtCore/../../src/corelib/io/qdatastream.h:46,
                 from /home/linaro/Downloads/phantomjs-1.9.2/src/qt/include/QtCore/qdatastream.h:1,
                 from /home/linaro/Downloads/phantomjs-1.9.2/src/qt/include/QtCore/../../src/corelib/tools/qstringlist.h:46,
                 from /home/linaro/Downloads/phantomjs-1.9.2/src/qt/include/QtCore/qstringlist.h:1,
                 from project.h:45,
                 from option.h:45,
                 from option.cpp:42:
/home/linaro/Downloads/phantomjs-1.9.2/src/qt/include/QtCore/../../src/corelib/tools/qstring.h:174:17: note: the mangling of ‘va_list’ has changed in GCC 4.4
In file included from /home/linaro/Downloads/phantomjs-1.9.2/src/qt/include/QtCore/qstring.h:1:0,
                 from /home/linaro/Downloads/phantomjs-1.9.2/src/qt/include/QtCore/../../src/corelib/io/qiodevice.h:51,
                 from /home/linaro/Downloads/phantomjs-1.9.2/src/qt/include/QtCore/qiodevice.h:1,
                 from /home/linaro/Downloads/phantomjs-1.9.2/src/qt/include/QtCore/../../src/corelib/io/qdatastream.h:46,
                 from /home/linaro/Downloads/phantomjs-1.9.2/src/qt/include/QtCore/qdatastream.h:1,
                 from /home/linaro/Downloads/phantomjs-1.9.2/src/qt/include/QtCore/../../src/corelib/tools/qstringlist.h:46,
                 from /home/linaro/Downloads/phantomjs-1.9.2/src/qt/include/QtCore/qstringlist.h:1,
                 from ./project.h:45,
                 from ./option.h:45,
                 from generators/makefile.h:45,
                 from generators/unix/unixmake.h:45,
                 from generators/unix/unixmake2.cpp:42:
/home/linaro/Downloads/phantomjs-1.9.2/src/qt/include/QtCore/../../src/corelib/tools/qstring.h:174:17: note: the mangling of ‘va_list’ has changed in GCC 4.4
In file included from /home/linaro/Downloads/phantomjs-1.9.2/src/qt/include/QtCore/qstring.h:1:0,
                 from /home/linaro/Downloads/phantomjs-1.9.2/src/qt/include/QtCore/../../src/corelib/io/qiodevice.h:51,
                 from /home/linaro/Downloads/phantomjs-1.9.2/src/qt/include/QtCore/qiodevice.h:1,
                 from /home/linaro/Downloads/phantomjs-1.9.2/src/qt/include/QtCore/../../src/corelib/io/qdatastream.h:46,
                 from /home/linaro/Downloads/phantomjs-1.9.2/src/qt/include/QtCore/qdatastream.h:1,
                 from /home/linaro/Downloads/phantomjs-1.9.2/src/qt/include/QtCore/../../src/corelib/tools/qstringlist.h:46,
                 from /home/linaro/Downloads/phantomjs-1.9.2/src/qt/include/QtCore/qstringlist.h:1,
                 from ./project.h:45,
                 from ./option.h:45,
                 from generators/makefile.h:45,
                 from generators/makefile.cpp:42:
/home/linaro/Downloads/phantomjs-1.9.2/src/qt/include/QtCore/../../src/corelib/tools/qstring.h:174:17: note: the mangling of ‘va_list’ has changed in GCC 4.4
In file included from /home/linaro/Downloads/phantomjs-1.9.2/src/qt/include/QtCore/qstring.h:1:0,
                 from /home/linaro/Downloads/phantomjs-1.9.2/src/qt/include/QtCore/../../src/corelib/io/qiodevice.h:51,
                 from /home/linaro/Downloads/phantomjs-1.9.2/src/qt/include/QtCore/qiodevice.h:1,
                 from /home/linaro/Downloads/phantomjs-1.9.2/src/qt/include/QtCore/../../src/corelib/io/qdatastream.h:46,
                 from /home/linaro/Downloads/phantomjs-1.9.2/src/qt/include/QtCore/qdatastream.h:1,
                 from /home/linaro/Downloads/phantomjs-1.9.2/src/qt/include/QtCore/../../src/corelib/tools/qstringlist.h:46,
                 from /home/linaro/Downloads/phantomjs-1.9.2/src/qt/include/QtCore/qstringlist.h:1,
                 from meta.h:46,
                 from meta.cpp:42:
/home/linaro/Downloads/phantomjs-1.9.2/src/qt/include/QtCore/../../src/corelib/tools/qstring.h:174:17: note: the mangling of ‘va_list’ has changed in GCC 4.4
In file included from /home/linaro/Downloads/phantomjs-1.9.2/src/qt/include/QtCore/qstring.h:1:0,
                 from /home/linaro/Downloads/phantomjs-1.9.2/src/qt/include/QtCore/../../src/corelib/io/qiodevice.h:51,
                 from /home/linaro/Downloads/phantomjs-1.9.2/src/qt/include/QtCore/qiodevice.h:1,
                 from /home/linaro/Downloads/phantomjs-1.9.2/src/qt/include/QtCore/../../src/corelib/io/qdatastream.h:46,
                 from /home/linaro/Downloads/phantomjs-1.9.2/src/qt/include/QtCore/qdatastream.h:1,
                 from /home/linaro/Downloads/phantomjs-1.9.2/src/qt/include/QtCore/../../src/corelib/tools/qstringlist.h:46,
                 from /home/linaro/Downloads/phantomjs-1.9.2/src/qt/include/QtCore/qstringlist.h:1,
                 from ./project.h:45,
                 from ./option.h:45,
                 from generators/makefile.h:45,
                 from generators/win32/winmakefile.h:45,
                 from generators/win32/winmakefile.cpp:42:
/home/linaro/Downloads/phantomjs-1.9.2/src/qt/include/QtCore/../../src/corelib/tools/qstring.h:174:17: note: the mangling of ‘va_list’ has changed in GCC 4.4
In file included from /home/linaro/Downloads/phantomjs-1.9.2/src/qt/include/QtCore/qstring.h:1:0,
                 from /home/linaro/Downloads/phantomjs-1.9.2/src/qt/include/QtCore/../../src/corelib/io/qiodevice.h:51,
                 from /home/linaro/Downloads/phantomjs-1.9.2/src/qt/include/QtCore/qiodevice.h:1,
                 from /home/linaro/Downloads/phantomjs-1.9.2/src/qt/include/QtCore/../../src/corelib/io/qtextstream.h:45,
                 from /home/linaro/Downloads/phantomjs-1.9.2/src/qt/include/QtCore/qtextstream.h:1,
                 from generators/xmloutput.h:45,
                 from generators/xmloutput.cpp:42:
/home/linaro/Downloads/phantomjs-1.9.2/src/qt/include/QtCore/../../src/corelib/tools/qstring.h:174:17: note: the mangling of ‘va_list’ has changed in GCC 4.4
In file included from /home/linaro/Downloads/phantomjs-1.9.2/src/qt/include/QtCore/qstring.h:1:0,
                 from /home/linaro/Downloads/phantomjs-1.9.2/src/qt/include/QtCore/../../src/corelib/io/qiodevice.h:51,
                 from /home/linaro/Downloads/phantomjs-1.9.2/src/qt/include/QtCore/qiodevice.h:1,
                 from /home/linaro/Downloads/phantomjs-1.9.2/src/qt/include/QtCore/../../src/corelib/io/qdatastream.h:46,
                 from /home/linaro/Downloads/phantomjs-1.9.2/src/qt/include/QtCore/qdatastream.h:1,
                 from /home/linaro/Downloads/phantomjs-1.9.2/src/qt/include/QtCore/../../src/corelib/tools/qstringlist.h:46,
                 from /home/linaro/Downloads/phantomjs-1.9.2/src/qt/include/QtCore/qstringlist.h:1,
                 from generators/makefiledeps.h:45,
                 from generators/makefiledeps.cpp:42:
/home/linaro/Downloads/phantomjs-1.9.2/src/qt/include/QtCore/../../src/corelib/tools/qstring.h:174:17: note: the mangling of ‘va_list’ has changed in GCC 4.4
In file included from /home/linaro/Downloads/phantomjs-1.9.2/src/qt/include/QtCore/qstring.h:1:0,
                 from /home/linaro/Downloads/phantomjs-1.9.2/src/qt/include/QtCore/../../src/corelib/io/qiodevice.h:51,
                 from /home/linaro/Downloads/phantomjs-1.9.2/src/qt/include/QtCore/qiodevice.h:1,
                 from /home/linaro/Downloads/phantomjs-1.9.2/src/qt/include/QtCore/../../src/corelib/io/qdatastream.h:46,
                 from /home/linaro/Downloads/phantomjs-1.9.2/src/qt/include/QtCore/qdatastream.h:1,
                 from /home/linaro/Downloads/phantomjs-1.9.2/src/qt/include/QtCore/../../src/corelib/tools/qstringlist.h:46,
                 from /home/linaro/Downloads/phantomjs-1.9.2/src/qt/include/QtCore/qstringlist.h:1,
                 from ./project.h:45,
                 from ./option.h:45,
                 from generators/metamakefile.h:45,
                 from generators/metamakefile.cpp:42:
/home/linaro/Downloads/phantomjs-1.9.2/src/qt/include/QtCore/../../src/corelib/tools/qstring.h:174:17: note: the mangling of ‘va_list’ has changed in GCC 4.4
In file included from /home/linaro/Downloads/phantomjs-1.9.2/src/qt/include/QtCore/qstring.h:1:0,
                 from /home/linaro/Downloads/phantomjs-1.9.2/src/qt/include/QtCore/../../src/corelib/io/qiodevice.h:51,
                 from /home/linaro/Downloads/phantomjs-1.9.2/src/qt/include/QtCore/qiodevice.h:1,
                 from /home/linaro/Downloads/phantomjs-1.9.2/src/qt/include/QtCore/../../src/corelib/io/qdatastream.h:46,
                 from /home/linaro/Downloads/phantomjs-1.9.2/src/qt/include/QtCore/qdatastream.h:1,
                 from /home/linaro/Downloads/phantomjs-1.9.2/src/qt/include/QtCore/../../src/corelib/tools/qstringlist.h:46,
                 from /home/linaro/Downloads/phantomjs-1.9.2/src/qt/include/QtCore/qstringlist.h:1,
                 from ./project.h:45,
                 from ./option.h:45,
                 from generators/makefile.h:45,
                 from generators/win32/winmakefile.h:45,
                 from generators/win32/borland_bmake.h:45,
                 from generators/win32/borland_bmake.cpp:42:
/home/linaro/Downloads/phantomjs-1.9.2/src/qt/include/QtCore/../../src/corelib/tools/qstring.h:174:17: note: the mangling of ‘va_list’ has changed in GCC 4.4
In file included from /home/linaro/Downloads/phantomjs-1.9.2/src/qt/include/QtCore/qstring.h:1:0,
                 from /home/linaro/Downloads/phantomjs-1.9.2/src/qt/include/QtCore/../../src/corelib/io/qiodevice.h:51,
                 from /home/linaro/Downloads/phantomjs-1.9.2/src/qt/include/QtCore/qiodevice.h:1,
                 from /home/linaro/Downloads/phantomjs-1.9.2/src/qt/include/QtCore/../../src/corelib/io/qdatastream.h:46,
                 from /home/linaro/Downloads/phantomjs-1.9.2/src/qt/include/QtCore/qdatastream.h:1,
                 from /home/linaro/Downloads/phantomjs-1.9.2/src/qt/include/QtCore/../../src/corelib/tools/qstringlist.h:46,
                 from /home/linaro/Downloads/phantomjs-1.9.2/src/qt/include/QtCore/qstringlist.h:1,
                 from ./project.h:45,
                 from ./option.h:45,
                 from generators/makefile.h:45,
                 from generators/win32/winmakefile.h:45,
                 from generators/win32/msvc_nmake.h:45,
                 from generators/win32/msvc_nmake.cpp:42:
/home/linaro/Downloads/phantomjs-1.9.2/src/qt/include/QtCore/../../src/corelib/tools/qstring.h:174:17: note: the mangling of ‘va_list’ has changed in GCC 4.4
In file included from /home/linaro/Downloads/phantomjs-1.9.2/src/qt/include/QtCore/qstring.h:1:0,
                 from /home/linaro/Downloads/phantomjs-1.9.2/src/qt/include/QtCore/../../src/corelib/io/qiodevice.h:51,
                 from /home/linaro/Downloads/phantomjs-1.9.2/src/qt/include/QtCore/qiodevice.h:1,
                 from /home/linaro/Downloads/phantomjs-1.9.2/src/qt/include/QtCore/../../src/corelib/io/qdatastream.h:46,
                 from /home/linaro/Downloads/phantomjs-1.9.2/src/qt/include/QtCore/qdatastream.h:1,
                 from /home/linaro/Downloads/phantomjs-1.9.2/src/qt/include/QtCore/../../src/corelib/tools/qstringlist.h:46,
                 from /home/linaro/Downloads/phantomjs-1.9.2/src/qt/include/QtCore/qstringlist.h:1,
                 from ./project.h:45,
                 from ./option.h:45,
                 from generators/makefile.h:45,
                 from generators/win32/winmakefile.h:45,
                 from generators/win32/msvc_vcproj.h:45,
                 from generators/win32/msvc_vcproj.cpp:42:
/home/linaro/Downloads/phantomjs-1.9.2/src/qt/include/QtCore/../../src/corelib/tools/qstring.h:174:17: note: the mangling of ‘va_list’ has changed in GCC 4.4
In file included from /home/linaro/Downloads/phantomjs-1.9.2/src/qt/include/QtCore/qstring.h:1:0,
                 from /home/linaro/Downloads/phantomjs-1.9.2/src/qt/include/QtCore/../../src/corelib/io/qiodevice.h:51,
                 from /home/linaro/Downloads/phantomjs-1.9.2/src/qt/include/QtCore/qiodevice.h:1,
                 from /home/linaro/Downloads/phantomjs-1.9.2/src/qt/include/QtCore/../../src/corelib/io/qdatastream.h:46,
                 from /home/linaro/Downloads/phantomjs-1.9.2/src/qt/include/QtCore/qdatastream.h:1,
                 from /home/linaro/Downloads/phantomjs-1.9.2/src/qt/include/QtCore/../../src/corelib/tools/qstringlist.h:46,
                 from /home/linaro/Downloads/phantomjs-1.9.2/src/qt/include/QtCore/qstringlist.h:1,
                 from ./project.h:45,
                 from generators/win32/msvc_objectmodel.h:45,
                 from generators/win32/msvc_objectmodel.cpp:42:
/home/linaro/Downloads/phantomjs-1.9.2/src/qt/include/QtCore/../../src/corelib/tools/qstring.h:174:17: note: the mangling of ‘va_list’ has changed in GCC 4.4
In file included from /home/linaro/Downloads/phantomjs-1.9.2/src/qt/include/QtCore/qstring.h:1:0,
                 from /home/linaro/Downloads/phantomjs-1.9.2/src/qt/include/QtCore/../../src/corelib/io/qiodevice.h:51,
                 from /home/linaro/Downloads/phantomjs-1.9.2/src/qt/include/QtCore/qiodevice.h:1,
                 from /home/linaro/Downloads/phantomjs-1.9.2/src/qt/include/QtCore/../../src/corelib/io/qdatastream.h:46,
                 from /home/linaro/Downloads/phantomjs-1.9.2/src/qt/include/QtCore/qdatastream.h:1,
                 from /home/linaro/Downloads/phantomjs-1.9.2/src/qt/include/QtCore/../../src/corelib/tools/qstringlist.h:46,
                 from /home/linaro/Downloads/phantomjs-1.9.2/src/qt/include/QtCore/qstringlist.h:1,
                 from ./project.h:45,
                 from ./option.h:45,
                 from generators/makefile.h:45,
                 from generators/unix/unixmake.h:45,
                 from generators/mac/pbuilder_pbx.h:45,
                 from generators/mac/pbuilder_pbx.cpp:42:
/home/linaro/Downloads/phantomjs-1.9.2/src/qt/include/QtCore/../../src/corelib/tools/qstring.h:174:17: note: the mangling of ‘va_list’ has changed in GCC 4.4
In file included from /home/linaro/Downloads/phantomjs-1.9.2/src/qt/include/QtCore/qstring.h:1:0,
                 from generators/symbian/initprojectdeploy_symbian.h:45,
                 from generators/symbian/symmake.h:45,
                 from generators/symbian/symmake.cpp:42:
/home/linaro/Downloads/phantomjs-1.9.2/src/qt/include/QtCore/../../src/corelib/tools/qstring.h:174:17: note: the mangling of ‘va_list’ has changed in GCC 4.4
In file included from /home/linaro/Downloads/phantomjs-1.9.2/src/qt/include/QtCore/qstring.h:1:0,
                 from /home/linaro/Downloads/phantomjs-1.9.2/src/qt/include/QtCore/../../src/corelib/io/qiodevice.h:51,
                 from /home/linaro/Downloads/phantomjs-1.9.2/src/qt/include/QtCore/qiodevice.h:1,
                 from /home/linaro/Downloads/phantomjs-1.9.2/src/qt/include/QtCore/../../src/corelib/io/qdatastream.h:46,
                 from /home/linaro/Downloads/phantomjs-1.9.2/src/qt/include/QtCore/qdatastream.h:1,
                 from /home/linaro/Downloads/phantomjs-1.9.2/src/qt/include/QtCore/../../src/corelib/tools/qstringlist.h:46,
                 from /home/linaro/Downloads/phantomjs-1.9.2/src/qt/include/QtCore/qstringlist.h:1,
                 from ./project.h:45,
                 from generators/win32/msvc_objectmodel.h:45,
                 from generators/win32/msbuild_objectmodel.cpp:42:
/home/linaro/Downloads/phantomjs-1.9.2/src/qt/include/QtCore/../../src/corelib/tools/qstring.h:174:17: note: the mangling of ‘va_list’ has changed in GCC 4.4
In file included from /home/linaro/Downloads/phantomjs-1.9.2/src/qt/include/QtCore/qstring.h:1:0,
                 from generators/symbian/initprojectdeploy_symbian.h:45,
                 from generators/symbian/initprojectdeploy_symbian.cpp:42:
/home/linaro/Downloads/phantomjs-1.9.2/src/qt/include/QtCore/../../src/corelib/tools/qstring.h:174:17: note: the mangling of ‘va_list’ has changed in GCC 4.4
In file included from /home/linaro/Downloads/phantomjs-1.9.2/src/qt/include/QtCore/qstring.h:1:0,
                 from /home/linaro/Downloads/phantomjs-1.9.2/src/qt/include/QtCore/../../src/corelib/io/qiodevice.h:51,
                 from /home/linaro/Downloads/phantomjs-1.9.2/src/qt/include/QtCore/qiodevice.h:1,
                 from /home/linaro/Downloads/phantomjs-1.9.2/src/qt/include/QtCore/../../src/corelib/io/qdatastream.h:46,
                 from /home/linaro/Downloads/phantomjs-1.9.2/src/qt/include/QtCore/qdatastream.h:1,
                 from /home/linaro/Downloads/phantomjs-1.9.2/src/qt/include/QtCore/../../src/corelib/tools/qstringlist.h:46,
                 from /home/linaro/Downloads/phantomjs-1.9.2/src/qt/include/QtCore/qstringlist.h:1,
                 from /home/linaro/Downloads/phantomjs-1.9.2/src/qt/tools/shared/windows/registry.cpp:42:
/home/linaro/Downloads/phantomjs-1.9.2/src/qt/include/QtCore/../../src/corelib/tools/qstring.h:174:17: note: the mangling of ‘va_list’ has changed in GCC 4.4
In file included from /home/linaro/Downloads/phantomjs-1.9.2/src/qt/include/QtCore/qstring.h:1:0,
                 from /home/linaro/Downloads/phantomjs-1.9.2/src/qt/include/QtCore/../../src/corelib/io/qdir.h:45,
                 from /home/linaro/Downloads/phantomjs-1.9.2/src/qt/include/QtCore/qdir.h:1,
                 from /home/linaro/Downloads/phantomjs-1.9.2/src/qt/tools/shared/symbian/epocroot.cpp:42:
/home/linaro/Downloads/phantomjs-1.9.2/src/qt/include/QtCore/../../src/corelib/tools/qstring.h:174:17: note: the mangling of ‘va_list’ has changed in GCC 4.4
In file included from /home/linaro/Downloads/phantomjs-1.9.2/src/qt/include/QtCore/qstring.h:1:0,
                 from generators/symbian/initprojectdeploy_symbian.h:45,
                 from generators/symbian/symmake.h:45,
                 from generators/symbian/symmake_abld.h:45,
                 from generators/symbian/symmake_abld.cpp:42:
/home/linaro/Downloads/phantomjs-1.9.2/src/qt/include/QtCore/../../src/corelib/tools/qstring.h:174:17: note: the mangling of ‘va_list’ has changed in GCC 4.4
In file included from /home/linaro/Downloads/phantomjs-1.9.2/src/qt/include/QtCore/qstring.h:1:0,
                 from /home/linaro/Downloads/phantomjs-1.9.2/src/qt/src/corelib/codecs/qtextcodec.h:45,
                 from /home/linaro/Downloads/phantomjs-1.9.2/src/qt/src/corelib/codecs/qtextcodec.cpp:43:
/home/linaro/Downloads/phantomjs-1.9.2/src/qt/include/QtCore/../../src/corelib/tools/qstring.h:174:17: note: the mangling of ‘va_list’ has changed in GCC 4.4
In file included from /home/linaro/Downloads/phantomjs-1.9.2/src/qt/include/QtCore/qstring.h:1:0,
                 from generators/symbian/initprojectdeploy_symbian.h:45,
                 from generators/symbian/symmake.h:45,
                 from generators/symbian/symmake_sbsv2.h:45,
                 from generators/symbian/symmake_sbsv2.cpp:42:
/home/linaro/Downloads/phantomjs-1.9.2/src/qt/include/QtCore/../../src/corelib/tools/qstring.h:174:17: note: the mangling of ‘va_list’ has changed in GCC 4.4
In file included from /home/linaro/Downloads/phantomjs-1.9.2/src/qt/include/QtCore/qstring.h:1:0,
                 from /home/linaro/Downloads/phantomjs-1.9.2/src/qt/include/QtCore/../../src/corelib/codecs/qtextcodec.h:45,
                 from /home/linaro/Downloads/phantomjs-1.9.2/src/qt/include/QtCore/qtextcodec.h:1,
                 from /home/linaro/Downloads/phantomjs-1.9.2/src/qt/src/corelib/codecs/qutfcodec_p.h:56,
                 from /home/linaro/Downloads/phantomjs-1.9.2/src/qt/src/corelib/codecs/qutfcodec.cpp:42:
/home/linaro/Downloads/phantomjs-1.9.2/src/qt/include/QtCore/../../src/corelib/tools/qstring.h:174:17: note: the mangling of ‘va_list’ has changed in GCC 4.4
In file included from /home/linaro/Downloads/phantomjs-1.9.2/src/qt/include/QtCore/qstring.h:1:0,
                 from /home/linaro/Downloads/phantomjs-1.9.2/src/qt/include/QtCore/../../src/corelib/io/qiodevice.h:51,
                 from /home/linaro/Downloads/phantomjs-1.9.2/src/qt/include/QtCore/qiodevice.h:1,
                 from /home/linaro/Downloads/phantomjs-1.9.2/src/qt/include/QtCore/../../src/corelib/io/qdatastream.h:46,
                 from /home/linaro/Downloads/phantomjs-1.9.2/src/qt/include/QtCore/qdatastream.h:1,
                 from /home/linaro/Downloads/phantomjs-1.9.2/src/qt/include/QtCore/../../src/corelib/tools/qstringlist.h:46,
                 from /home/linaro/Downloads/phantomjs-1.9.2/src/qt/include/QtCore/qstringlist.h:1,
                 from ./project.h:45,
                 from generators/symbian/symbiancommon.h:45,
                 from generators/symbian/symbiancommon.cpp:42:
/home/linaro/Downloads/phantomjs-1.9.2/src/qt/include/QtCore/../../src/corelib/tools/qstring.h:174:17: note: the mangling of ‘va_list’ has changed in GCC 4.4
In file included from /home/linaro/Downloads/phantomjs-1.9.2/src/qt/include/QtCore/qstring.h:1:0,
                 from /home/linaro/Downloads/phantomjs-1.9.2/src/qt/include/QtCore/../../src/corelib/io/qiodevice.h:51,
                 from /home/linaro/Downloads/phantomjs-1.9.2/src/qt/include/QtCore/qiodevice.h:1,
                 from /home/linaro/Downloads/phantomjs-1.9.2/src/qt/include/QtCore/../../src/corelib/io/qdatastream.h:46,
                 from /home/linaro/Downloads/phantomjs-1.9.2/src/qt/include/QtCore/qdatastream.h:1,
                 from /home/linaro/Downloads/phantomjs-1.9.2/src/qt/include/QtCore/../../src/corelib/tools/qstringlist.h:46,
                 from /home/linaro/Downloads/phantomjs-1.9.2/src/qt/include/QtCore/qstringlist.h:1,
                 from ./project.h:45,
                 from ./option.h:45,
                 from generators/makefile.h:45,
                 from generators/integrity/gbuild.h:45,
                 from generators/integrity/gbuild.cpp:42:
/home/linaro/Downloads/phantomjs-1.9.2/src/qt/include/QtCore/../../src/corelib/tools/qstring.h:174:17: note: the mangling of ‘va_list’ has changed in GCC 4.4
/home/linaro/Downloads/phantomjs-1.9.2/src/qt/src/corelib/global/qglobal.cpp: In function ‘void qt_message(QtMsgType, const char*, va_list)’:
/home/linaro/Downloads/phantomjs-1.9.2/src/qt/src/corelib/global/qglobal.cpp:2351:13: note: the mangling of ‘va_list’ has changed in GCC 4.4
/home/linaro/Downloads/phantomjs-1.9.2/src/qt/src/corelib/tools/qstring.cpp: In member function ‘QString& QString::vsprintf(const char*, va_list)’:
/home/linaro/Downloads/phantomjs-1.9.2/src/qt/src/corelib/tools/qstring.cpp:5226:10: note: the mangling of ‘va_list’ has changed in GCC 4.4
In file included from /home/linaro/Downloads/phantomjs-1.9.2/src/qt/include/QtCore/qstring.h:1:0,
                 from /home/linaro/Downloads/phantomjs-1.9.2/src/qt/include/QtCore/../../src/corelib/io/qiodevice.h:51,
                 from /home/linaro/Downloads/phantomjs-1.9.2/src/qt/include/QtCore/qiodevice.h:1,
                 from /home/linaro/Downloads/phantomjs-1.9.2/src/qt/include/QtCore/../../src/corelib/io/qdatastream.h:46,
                 from /home/linaro/Downloads/phantomjs-1.9.2/src/qt/include/QtCore/qdatastream.h:1,
                 from /home/linaro/Downloads/phantomjs-1.9.2/src/qt/include/QtCore/../../src/corelib/tools/qpair.h:45,
                 from /home/linaro/Downloads/phantomjs-1.9.2/src/qt/include/QtCore/qpair.h:1,
                 from /home/linaro/Downloads/phantomjs-1.9.2/src/qt/include/QtCore/../../src/corelib/tools/qhash.h:49,
                 from /home/linaro/Downloads/phantomjs-1.9.2/src/qt/include/QtCore/qhash.h:1,
                 from /home/linaro/Downloads/phantomjs-1.9.2/src/qt/src/corelib/io/qdebug.h:46,
                 from /home/linaro/Downloads/phantomjs-1.9.2/src/qt/src/corelib/io/qiodevice.cpp:45:
/home/linaro/Downloads/phantomjs-1.9.2/src/qt/include/QtCore/../../src/corelib/tools/qstring.h:174:17: note: the mangling of ‘va_list’ has changed in GCC 4.4
In file included from /home/linaro/Downloads/phantomjs-1.9.2/src/qt/include/QtCore/qstring.h:1:0,
                 from /home/linaro/Downloads/phantomjs-1.9.2/src/qt/include/QtCore/../../src/corelib/io/qiodevice.h:51,
                 from /home/linaro/Downloads/phantomjs-1.9.2/src/qt/include/QtCore/qiodevice.h:1,
                 from /home/linaro/Downloads/phantomjs-1.9.2/src/qt/src/corelib/io/qtextstream.h:45,
                 from /home/linaro/Downloads/phantomjs-1.9.2/src/qt/src/corelib/io/qtextstream.cpp:227:
/home/linaro/Downloads/phantomjs-1.9.2/src/qt/include/QtCore/../../src/corelib/tools/qstring.h:174:17: note: the mangling of ‘va_list’ has changed in GCC 4.4
In file included from /home/linaro/Downloads/phantomjs-1.9.2/src/qt/include/QtCore/qstring.h:1:0,
                 from /home/linaro/Downloads/phantomjs-1.9.2/src/qt/include/QtCore/../../src/corelib/io/qiodevice.h:51,
                 from /home/linaro/Downloads/phantomjs-1.9.2/src/qt/include/QtCore/qiodevice.h:1,
                 from /home/linaro/Downloads/phantomjs-1.9.2/src/qt/src/corelib/io/qdatastream.h:46,
                 from /home/linaro/Downloads/phantomjs-1.9.2/src/qt/src/corelib/io/qdatastream.cpp:42:
/home/linaro/Downloads/phantomjs-1.9.2/src/qt/include/QtCore/../../src/corelib/tools/qstring.h:174:17: note: the mangling of ‘va_list’ has changed in GCC 4.4
In file included from /home/linaro/Downloads/phantomjs-1.9.2/src/qt/include/QtCore/qstring.h:1:0,
                 from /home/linaro/Downloads/phantomjs-1.9.2/src/qt/include/QtCore/../../src/corelib/io/qiodevice.h:51,
                 from /home/linaro/Downloads/phantomjs-1.9.2/src/qt/include/QtCore/qiodevice.h:1,
                 from /home/linaro/Downloads/phantomjs-1.9.2/src/qt/src/corelib/io/qbuffer.h:45,
                 from /home/linaro/Downloads/phantomjs-1.9.2/src/qt/src/corelib/io/qbuffer.cpp:42:
/home/linaro/Downloads/phantomjs-1.9.2/src/qt/include/QtCore/../../src/corelib/tools/qstring.h:174:17: note: the mangling of ‘va_list’ has changed in GCC 4.4
In file included from /home/linaro/Downloads/phantomjs-1.9.2/src/qt/src/corelib/tools/qbytearray.cpp:45:0:
/home/linaro/Downloads/phantomjs-1.9.2/src/qt/src/corelib/tools/qstring.h:174:17: note: the mangling of ‘va_list’ has changed in GCC 4.4
In file included from /home/linaro/Downloads/phantomjs-1.9.2/src/qt/include/QtCore/qstring.h:1:0,
                 from /home/linaro/Downloads/phantomjs-1.9.2/src/qt/include/QtCore/../../src/corelib/io/qiodevice.h:51,
                 from /home/linaro/Downloads/phantomjs-1.9.2/src/qt/include/QtCore/qiodevice.h:1,
                 from /home/linaro/Downloads/phantomjs-1.9.2/src/qt/src/corelib/io/qfile.h:45,
                 from /home/linaro/Downloads/phantomjs-1.9.2/src/qt/src/corelib/io/qfilesystemengine_p.h:56,
                 from /home/linaro/Downloads/phantomjs-1.9.2/src/qt/src/corelib/io/qfilesystemengine_unix.cpp:43:
/home/linaro/Downloads/phantomjs-1.9.2/src/qt/include/QtCore/../../src/corelib/tools/qstring.h:174:17: note: the mangling of ‘va_list’ has changed in GCC 4.4
In file included from /home/linaro/Downloads/phantomjs-1.9.2/src/qt/include/QtCore/qstring.h:1:0,
                 from /home/linaro/Downloads/phantomjs-1.9.2/src/qt/src/corelib/io/qfilesystementry_p.h:56,
                 from /home/linaro/Downloads/phantomjs-1.9.2/src/qt/src/corelib/io/qfilesystementry.cpp:42:
/home/linaro/Downloads/phantomjs-1.9.2/src/qt/include/QtCore/../../src/corelib/tools/qstring.h:174:17: note: the mangling of ‘va_list’ has changed in GCC 4.4
In file included from /home/linaro/Downloads/phantomjs-1.9.2/src/qt/include/QtCore/qstring.h:1:0,
                 from /home/linaro/Downloads/phantomjs-1.9.2/src/qt/include/QtCore/../../src/corelib/io/qiodevice.h:51,
                 from /home/linaro/Downloads/phantomjs-1.9.2/src/qt/include/QtCore/qiodevice.h:1,
                 from /home/linaro/Downloads/phantomjs-1.9.2/src/qt/src/corelib/io/qfile.h:45,
                 from /home/linaro/Downloads/phantomjs-1.9.2/src/qt/src/corelib/io/qfilesystemengine_p.h:56,
                 from /home/linaro/Downloads/phantomjs-1.9.2/src/qt/src/corelib/io/qfilesystemengine.cpp:42:
/home/linaro/Downloads/phantomjs-1.9.2/src/qt/include/QtCore/../../src/corelib/tools/qstring.h:174:17: note: the mangling of ‘va_list’ has changed in GCC 4.4
In file included from /home/linaro/Downloads/phantomjs-1.9.2/src/qt/include/QtCore/qstring.h:1:0,
                 from /home/linaro/Downloads/phantomjs-1.9.2/src/qt/include/QtCore/../../src/corelib/io/qdir.h:45,
                 from /home/linaro/Downloads/phantomjs-1.9.2/src/qt/include/QtCore/qdir.h:1,
                 from /home/linaro/Downloads/phantomjs-1.9.2/src/qt/src/corelib/io/qfilesystemiterator_p.h:60,
                 from /home/linaro/Downloads/phantomjs-1.9.2/src/qt/src/corelib/io/qfilesystemiterator_unix.cpp:43:
/home/linaro/Downloads/phantomjs-1.9.2/src/qt/include/QtCore/../../src/corelib/tools/qstring.h:174:17: note: the mangling of ‘va_list’ has changed in GCC 4.4
In file included from /home/linaro/Downloads/phantomjs-1.9.2/src/qt/include/QtCore/qstring.h:1:0,
                 from /home/linaro/Downloads/phantomjs-1.9.2/src/qt/include/QtCore/../../src/corelib/io/qiodevice.h:51,
                 from /home/linaro/Downloads/phantomjs-1.9.2/src/qt/include/QtCore/qiodevice.h:1,
                 from /home/linaro/Downloads/phantomjs-1.9.2/src/qt/include/QtCore/../../src/corelib/io/qdatastream.h:46,
                 from /home/linaro/Downloads/phantomjs-1.9.2/src/qt/include/QtCore/qdatastream.h:1,
                 from /home/linaro/Downloads/phantomjs-1.9.2/src/qt/include/QtCore/../../src/corelib/tools/qpair.h:45,
                 from /home/linaro/Downloads/phantomjs-1.9.2/src/qt/include/QtCore/qpair.h:1,
                 from /home/linaro/Downloads/phantomjs-1.9.2/src/qt/include/QtCore/../../src/corelib/tools/qhash.h:49,
                 from /home/linaro/Downloads/phantomjs-1.9.2/src/qt/include/QtCore/qhash.h:1,
                 from /home/linaro/Downloads/phantomjs-1.9.2/src/qt/src/corelib/io/qdebug.h:46,
                 from /home/linaro/Downloads/phantomjs-1.9.2/src/qt/src/corelib/io/qfile.cpp:43:
/home/linaro/Downloads/phantomjs-1.9.2/src/qt/include/QtCore/../../src/corelib/tools/qstring.h:174:17: note: the mangling of ‘va_list’ has changed in GCC 4.4
In file included from /home/linaro/Downloads/phantomjs-1.9.2/src/qt/include/QtCore/qstring.h:1:0,
                 from /home/linaro/Downloads/phantomjs-1.9.2/src/qt/include/QtCore/../../src/corelib/io/qdir.h:45,
                 from /home/linaro/Downloads/phantomjs-1.9.2/src/qt/include/QtCore/qdir.h:1,
                 from /home/linaro/Downloads/phantomjs-1.9.2/src/qt/src/corelib/io/qabstractfileengine.h:45,
                 from /home/linaro/Downloads/phantomjs-1.9.2/src/qt/src/corelib/io/qfsfileengine_unix.cpp:43:
/home/linaro/Downloads/phantomjs-1.9.2/src/qt/include/QtCore/../../src/corelib/tools/qstring.h:174:17: note: the mangling of ‘va_list’ has changed in GCC 4.4
In file included from /home/linaro/Downloads/phantomjs-1.9.2/src/qt/include/QtCore/qstring.h:1:0,
                 from /home/linaro/Downloads/phantomjs-1.9.2/src/qt/include/QtCore/../../src/corelib/io/qdir.h:45,
                 from /home/linaro/Downloads/phantomjs-1.9.2/src/qt/include/QtCore/qdir.h:1,
                 from /home/linaro/Downloads/phantomjs-1.9.2/src/qt/src/corelib/io/qabstractfileengine.h:45,
                 from /home/linaro/Downloads/phantomjs-1.9.2/src/qt/src/corelib/io/qfsfileengine_iterator_p.h:56,
                 from /home/linaro/Downloads/phantomjs-1.9.2/src/qt/src/corelib/io/qfsfileengine_iterator.cpp:42:
/home/linaro/Downloads/phantomjs-1.9.2/src/qt/include/QtCore/../../src/corelib/tools/qstring.h:174:17: note: the mangling of ‘va_list’ has changed in GCC 4.4
In file included from /home/linaro/Downloads/phantomjs-1.9.2/src/qt/include/QtCore/qstring.h:1:0,
                 from /home/linaro/Downloads/phantomjs-1.9.2/src/qt/include/QtCore/../../src/corelib/io/qdir.h:45,
                 from /home/linaro/Downloads/phantomjs-1.9.2/src/qt/include/QtCore/qdir.h:1,
                 from /home/linaro/Downloads/phantomjs-1.9.2/src/qt/include/QtCore/../../src/corelib/io/qabstractfileengine.h:45,
                 from /home/linaro/Downloads/phantomjs-1.9.2/src/qt/include/QtCore/qabstractfileengine.h:1,
                 from /home/linaro/Downloads/phantomjs-1.9.2/src/qt/include/QtCore/../../src/corelib/io/qfsfileengine.h:45,
                 from /home/linaro/Downloads/phantomjs-1.9.2/src/qt/include/QtCore/qfsfileengine.h:1,
                 from /home/linaro/Downloads/phantomjs-1.9.2/src/qt/src/corelib/io/qfsfileengine_p.h:57,
                 from /home/linaro/Downloads/phantomjs-1.9.2/src/qt/src/corelib/io/qfsfileengine.cpp:42:
/home/linaro/Downloads/phantomjs-1.9.2/src/qt/include/QtCore/../../src/corelib/tools/qstring.h:174:17: note: the mangling of ‘va_list’ has changed in GCC 4.4
In file included from /home/linaro/Downloads/phantomjs-1.9.2/src/qt/include/QtCore/qstring.h:1:0,
                 from /home/linaro/Downloads/phantomjs-1.9.2/src/qt/include/QtCore/../../src/corelib/io/qiodevice.h:51,
                 from /home/linaro/Downloads/phantomjs-1.9.2/src/qt/include/QtCore/qiodevice.h:1,
                 from /home/linaro/Downloads/phantomjs-1.9.2/src/qt/include/QtCore/../../src/corelib/io/qdatastream.h:46,
                 from /home/linaro/Downloads/phantomjs-1.9.2/src/qt/include/QtCore/qdatastream.h:1,
                 from /home/linaro/Downloads/phantomjs-1.9.2/src/qt/src/corelib/tools/qbitarray.cpp:43:
/home/linaro/Downloads/phantomjs-1.9.2/src/qt/include/QtCore/../../src/corelib/tools/qstring.h:174:17: note: the mangling of ‘va_list’ has changed in GCC 4.4
In file included from /home/linaro/Downloads/phantomjs-1.9.2/src/qt/include/QtCore/qstring.h:1:0,
                 from /home/linaro/Downloads/phantomjs-1.9.2/src/qt/src/corelib/plugin/quuid.h:45,
                 from /home/linaro/Downloads/phantomjs-1.9.2/src/qt/src/corelib/plugin/quuid.cpp:42:
/home/linaro/Downloads/phantomjs-1.9.2/src/qt/include/QtCore/../../src/corelib/tools/qstring.h:174:17: note: the mangling of ‘va_list’ has changed in GCC 4.4
In file included from /home/linaro/Downloads/phantomjs-1.9.2/src/qt/include/QtCore/qstring.h:1:0,
                 from /home/linaro/Downloads/phantomjs-1.9.2/src/qt/include/QtCore/../../src/corelib/io/qdir.h:45,
                 from /home/linaro/Downloads/phantomjs-1.9.2/src/qt/include/QtCore/qdir.h:1,
                 from /home/linaro/Downloads/phantomjs-1.9.2/src/qt/src/corelib/io/qdiriterator.h:45,
                 from /home/linaro/Downloads/phantomjs-1.9.2/src/qt/src/corelib/io/qdiriterator.cpp:92:
/home/linaro/Downloads/phantomjs-1.9.2/src/qt/include/QtCore/../../src/corelib/tools/qstring.h:174:17: note: the mangling of ‘va_list’ has changed in GCC 4.4
In file included from /home/linaro/Downloads/phantomjs-1.9.2/src/qt/include/QtCore/qstring.h:1:0,
                 from /home/linaro/Downloads/phantomjs-1.9.2/src/qt/include/QtCore/../../src/corelib/io/qiodevice.h:51,
                 from /home/linaro/Downloads/phantomjs-1.9.2/src/qt/include/QtCore/qiodevice.h:1,
                 from /home/linaro/Downloads/phantomjs-1.9.2/src/qt/include/QtCore/../../src/corelib/io/qdatastream.h:46,
                 from /home/linaro/Downloads/phantomjs-1.9.2/src/qt/include/QtCore/qdatastream.h:1,
                 from /home/linaro/Downloads/phantomjs-1.9.2/src/qt/include/QtCore/../../src/corelib/tools/qpair.h:45,
                 from /home/linaro/Downloads/phantomjs-1.9.2/src/qt/include/QtCore/qpair.h:1,
                 from /home/linaro/Downloads/phantomjs-1.9.2/src/qt/src/corelib/tools/qhash.h:49,
                 from /home/linaro/Downloads/phantomjs-1.9.2/src/qt/src/corelib/tools/qhash.cpp:42:
/home/linaro/Downloads/phantomjs-1.9.2/src/qt/include/QtCore/../../src/corelib/tools/qstring.h:174:17: note: the mangling of ‘va_list’ has changed in GCC 4.4
In file included from /home/linaro/Downloads/phantomjs-1.9.2/src/qt/include/QtCore/qstring.h:1:0,
                 from /home/linaro/Downloads/phantomjs-1.9.2/src/qt/src/corelib/io/qdir.h:45,
                 from /home/linaro/Downloads/phantomjs-1.9.2/src/qt/src/corelib/io/qdir.cpp:43:
/home/linaro/Downloads/phantomjs-1.9.2/src/qt/include/QtCore/../../src/corelib/tools/qstring.h:174:17: note: the mangling of ‘va_list’ has changed in GCC 4.4
In file included from /home/linaro/Downloads/phantomjs-1.9.2/src/qt/include/QtCore/qstring.h:1:0,
                 from /home/linaro/Downloads/phantomjs-1.9.2/src/qt/src/corelib/tools/qregexp.h:47,
                 from /home/linaro/Downloads/phantomjs-1.9.2/src/qt/src/corelib/tools/qregexp.cpp:42:
/home/linaro/Downloads/phantomjs-1.9.2/src/qt/include/QtCore/../../src/corelib/tools/qstring.h:174:17: note: the mangling of ‘va_list’ has changed in GCC 4.4
In file included from /home/linaro/Downloads/phantomjs-1.9.2/src/qt/include/QtCore/qstring.h:1:0,
                 from /home/linaro/Downloads/phantomjs-1.9.2/src/qt/include/QtCore/../../src/corelib/io/qiodevice.h:51,
                 from /home/linaro/Downloads/phantomjs-1.9.2/src/qt/include/QtCore/qiodevice.h:1,
                 from /home/linaro/Downloads/phantomjs-1.9.2/src/qt/include/QtCore/../../src/corelib/io/qdatastream.h:46,
                 from /home/linaro/Downloads/phantomjs-1.9.2/src/qt/include/QtCore/qdatastream.h:1,
                 from /home/linaro/Downloads/phantomjs-1.9.2/src/qt/include/QtCore/../../src/corelib/tools/qstringlist.h:46,
                 from /home/linaro/Downloads/phantomjs-1.9.2/src/qt/include/QtCore/qstringlist.h:1,
                 from /home/linaro/Downloads/phantomjs-1.9.2/src/qt/src/corelib/tools/qstringlist.cpp:42:
/home/linaro/Downloads/phantomjs-1.9.2/src/qt/include/QtCore/../../src/corelib/tools/qstring.h:174:17: note: the mangling of ‘va_list’ has changed in GCC 4.4
In file included from /home/linaro/Downloads/phantomjs-1.9.2/src/qt/include/QtCore/qstring.h:1:0,
                 from /home/linaro/Downloads/phantomjs-1.9.2/src/qt/include/QtCore/../../src/corelib/io/qiodevice.h:51,
                 from /home/linaro/Downloads/phantomjs-1.9.2/src/qt/include/QtCore/qiodevice.h:1,
                 from /home/linaro/Downloads/phantomjs-1.9.2/src/qt/include/QtCore/../../src/corelib/io/qfile.h:45,
                 from /home/linaro/Downloads/phantomjs-1.9.2/src/qt/include/QtCore/qfile.h:1,
                 from /home/linaro/Downloads/phantomjs-1.9.2/src/qt/src/corelib/io/qfileinfo.h:45,
                 from /home/linaro/Downloads/phantomjs-1.9.2/src/qt/src/corelib/io/qfileinfo.cpp:43:
/home/linaro/Downloads/phantomjs-1.9.2/src/qt/include/QtCore/../../src/corelib/tools/qstring.h:174:17: note: the mangling of ‘va_list’ has changed in GCC 4.4
In file included from /home/linaro/Downloads/phantomjs-1.9.2/src/qt/include/QtCore/qstring.h:1:0,
                 from /home/linaro/Downloads/phantomjs-1.9.2/src/qt/include/QtCore/../../src/corelib/io/qiodevice.h:51,
                 from /home/linaro/Downloads/phantomjs-1.9.2/src/qt/include/QtCore/qiodevice.h:1,
                 from /home/linaro/Downloads/phantomjs-1.9.2/src/qt/include/QtCore/../../src/corelib/io/qdatastream.h:46,
                 from /home/linaro/Downloads/phantomjs-1.9.2/src/qt/include/QtCore/qdatastream.h:1,
                 from /home/linaro/Downloads/phantomjs-1.9.2/src/qt/src/corelib/kernel/qmetatype.h:49,
                 from /home/linaro/Downloads/phantomjs-1.9.2/src/qt/src/corelib/kernel/qmetatype.cpp:42:
/home/linaro/Downloads/phantomjs-1.9.2/src/qt/include/QtCore/../../src/corelib/tools/qstring.h:174:17: note: the mangling of ‘va_list’ has changed in GCC 4.4
In file included from /home/linaro/Downloads/phantomjs-1.9.2/src/qt/include/QtCore/qstring.h:1:0,
                 from /home/linaro/Downloads/phantomjs-1.9.2/src/qt/src/corelib/kernel/qsystemerror_p.h:56,
                 from /home/linaro/Downloads/phantomjs-1.9.2/src/qt/src/corelib/kernel/qsystemerror.cpp:43:
/home/linaro/Downloads/phantomjs-1.9.2/src/qt/include/QtCore/../../src/corelib/tools/qstring.h:174:17: note: the mangling of ‘va_list’ has changed in GCC 4.4
/home/linaro/Downloads/phantomjs-1.9.2/src/qt/src/corelib/tools/qvsnprintf.cpp:100:5: note: the mangling of ‘va_list’ has changed in GCC 4.4
In file included from /home/linaro/Downloads/phantomjs-1.9.2/src/qt/include/QtCore/qstring.h:1:0,
                 from /home/linaro/Downloads/phantomjs-1.9.2/src/qt/include/QtCore/../../src/corelib/io/qdir.h:45,
                 from /home/linaro/Downloads/phantomjs-1.9.2/src/qt/include/QtCore/qdir.h:1,
                 from /home/linaro/Downloads/phantomjs-1.9.2/src/qt/src/corelib/global/qlibraryinfo.cpp:42:
/home/linaro/Downloads/phantomjs-1.9.2/src/qt/include/QtCore/../../src/corelib/tools/qstring.h:174:17: note: the mangling of ‘va_list’ has changed in GCC 4.4
In file included from /home/linaro/Downloads/phantomjs-1.9.2/src/qt/include/QtCore/qstring.h:1:0,
                 from /home/linaro/Downloads/phantomjs-1.9.2/src/qt/include/QtCore/../../src/corelib/io/qiodevice.h:51,
                 from /home/linaro/Downloads/phantomjs-1.9.2/src/qt/include/QtCore/qiodevice.h:1,
                 from /home/linaro/Downloads/phantomjs-1.9.2/src/qt/include/QtCore/../../src/corelib/io/qdatastream.h:46,
                 from /home/linaro/Downloads/phantomjs-1.9.2/src/qt/include/QtCore/qdatastream.h:1,
                 from /home/linaro/Downloads/phantomjs-1.9.2/src/qt/include/QtCore/../../src/corelib/kernel/qmetatype.h:49,
                 from /home/linaro/Downloads/phantomjs-1.9.2/src/qt/include/QtCore/qmetatype.h:1,
                 from /home/linaro/Downloads/phantomjs-1.9.2/src/qt/src/corelib/kernel/qvariant.h:48,
                 from /home/linaro/Downloads/phantomjs-1.9.2/src/qt/src/corelib/kernel/qvariant.cpp:42:
/home/linaro/Downloads/phantomjs-1.9.2/src/qt/include/QtCore/../../src/corelib/tools/qstring.h:174:17: note: the mangling of ‘va_list’ has changed in GCC 4.4
In file included from /home/linaro/Downloads/phantomjs-1.9.2/src/qt/include/QtCore/qstring.h:1:0,
                 from /home/linaro/Downloads/phantomjs-1.9.2/src/qt/src/corelib/tools/qlocale_p.h:56,
                 from /home/linaro/Downloads/phantomjs-1.9.2/src/qt/src/corelib/tools/qlocale_tools_p.h:56,
                 from /home/linaro/Downloads/phantomjs-1.9.2/src/qt/src/corelib/tools/qlocale_tools.cpp:42:
/home/linaro/Downloads/phantomjs-1.9.2/src/qt/include/QtCore/../../src/corelib/tools/qstring.h:174:17: note: the mangling of ‘va_list’ has changed in GCC 4.4
In file included from /home/linaro/Downloads/phantomjs-1.9.2/src/qt/include/QtCore/qstring.h:1:0,
                 from /home/linaro/Downloads/phantomjs-1.9.2/src/qt/src/corelib/tools/../../3rdparty/md5/md5.h:28,
                 from /home/linaro/Downloads/phantomjs-1.9.2/src/qt/src/corelib/tools/qcryptographichash.cpp:48:
/home/linaro/Downloads/phantomjs-1.9.2/src/qt/include/QtCore/../../src/corelib/tools/qstring.h:174:17: note: the mangling of ‘va_list’ has changed in GCC 4.4
In file included from /home/linaro/Downloads/phantomjs-1.9.2/src/qt/include/QtCore/qstring.h:1:0,
                 from /home/linaro/Downloads/phantomjs-1.9.2/src/qt/include/QtCore/../../src/corelib/io/qiodevice.h:51,
                 from /home/linaro/Downloads/phantomjs-1.9.2/src/qt/include/QtCore/qiodevice.h:1,
                 from /home/linaro/Downloads/phantomjs-1.9.2/src/qt/include/QtCore/../../src/corelib/io/qdatastream.h:46,
                 from /home/linaro/Downloads/phantomjs-1.9.2/src/qt/include/QtCore/qdatastream.h:1,
                 from /home/linaro/Downloads/phantomjs-1.9.2/src/qt/include/QtCore/../../src/corelib/tools/qpair.h:45,
                 from /home/linaro/Downloads/phantomjs-1.9.2/src/qt/include/QtCore/qpair.h:1,
                 from /home/linaro/Downloads/phantomjs-1.9.2/src/qt/include/QtCore/../../src/corelib/tools/qhash.h:49,
                 from /home/linaro/Downloads/phantomjs-1.9.2/src/qt/include/QtCore/qhash.h:1,
                 from /home/linaro/Downloads/phantomjs-1.9.2/src/qt/include/QtCore/../../src/corelib/io/qdebug.h:46,
                 from /home/linaro/Downloads/phantomjs-1.9.2/src/qt/include/QtCore/qdebug.h:1,
                 from /home/linaro/Downloads/phantomjs-1.9.2/src/qt/src/corelib/io/qsettings.cpp:42:
/home/linaro/Downloads/phantomjs-1.9.2/src/qt/include/QtCore/../../src/corelib/tools/qstring.h:174:17: note: the mangling of ‘va_list’ has changed in GCC 4.4
In file included from /home/linaro/Downloads/phantomjs-1.9.2/src/qt/include/QtCore/qstring.h:1:0,
                 from /home/linaro/Downloads/phantomjs-1.9.2/src/qt/src/corelib/tools/qlocale_p.h:56,
                 from /home/linaro/Downloads/phantomjs-1.9.2/src/qt/src/corelib/tools/qlocale_unix.cpp:42:
/home/linaro/Downloads/phantomjs-1.9.2/src/qt/include/QtCore/../../src/corelib/tools/qstring.h:174:17: note: the mangling of ‘va_list’ has changed in GCC 4.4
In file included from /home/linaro/Downloads/phantomjs-1.9.2/src/qt/include/QtCore/qstring.h:1:0,
                 from /home/linaro/Downloads/phantomjs-1.9.2/src/qt/include/QtCore/../../src/corelib/tools/qregexp.h:47,
                 from /home/linaro/Downloads/phantomjs-1.9.2/src/qt/include/QtCore/qregexp.h:1,
                 from /home/linaro/Downloads/phantomjs-1.9.2/src/qt/src/corelib/xml/qxmlutils.cpp:42:
/home/linaro/Downloads/phantomjs-1.9.2/src/qt/include/QtCore/../../src/corelib/tools/qstring.h:174:17: note: the mangling of ‘va_list’ has changed in GCC 4.4
In file included from /home/linaro/Downloads/phantomjs-1.9.2/src/qt/include/QtCore/qstring.h:1:0,
                 from /home/linaro/Downloads/phantomjs-1.9.2/src/qt/include/QtCore/../../src/corelib/io/qiodevice.h:51,
                 from /home/linaro/Downloads/phantomjs-1.9.2/src/qt/include/QtCore/qiodevice.h:1,
                 from /home/linaro/Downloads/phantomjs-1.9.2/src/qt/include/QtCore/../../src/corelib/io/qdatastream.h:46,
                 from /home/linaro/Downloads/phantomjs-1.9.2/src/qt/include/QtCore/qdatastream.h:1,
                 from /home/linaro/Downloads/phantomjs-1.9.2/src/qt/src/corelib/tools/qlocale.cpp:58:
/home/linaro/Downloads/phantomjs-1.9.2/src/qt/include/QtCore/../../src/corelib/tools/qstring.h:174:17: note: the mangling of ‘va_list’ has changed in GCC 4.4
In file included from /home/linaro/Downloads/phantomjs-1.9.2/src/qt/include/QtCore/qstring.h:1:0,
                 from /home/linaro/Downloads/phantomjs-1.9.2/src/qt/include/QtCore/../../src/corelib/io/qiodevice.h:51,
                 from /home/linaro/Downloads/phantomjs-1.9.2/src/qt/include/QtCore/qiodevice.h:1,
                 from /home/linaro/Downloads/phantomjs-1.9.2/src/qt/include/QtCore/../../src/corelib/xml/qxmlstream.h:45,
                 from /home/linaro/Downloads/phantomjs-1.9.2/src/qt/include/QtCore/qxmlstream.h:1,
                 from /home/linaro/Downloads/phantomjs-1.9.2/src/qt/src/corelib/xml/qxmlstream.cpp:42:
/home/linaro/Downloads/phantomjs-1.9.2/src/qt/include/QtCore/../../src/corelib/tools/qstring.h:174:17: note: the mangling of ‘va_list’ has changed in GCC 4.4
floatmath.cpp:44:5: warning: unused parameter ‘argc’ [-Wunused-parameter]
floatmath.cpp:44:5: warning: unused parameter ‘argv’ [-Wunused-parameter]
cc1plus: error: unrecognized command line option ‘-mmmx’
make: *** [mmx.o] Error 1
cc1plus: error: unrecognized command line option ‘-m3dnow’
make: *** [3dnow.o] Error 1
cc1plus: error: unrecognized command line option ‘-msse’
make: *** [sse.o] Error 1
cc1plus: error: unrecognized command line option ‘-msse2’
make: *** [sse2.o] Error 1
cc1plus: error: unrecognized command line option ‘-msse3’
make: *** [sse3.o] Error 1
cc1plus: error: unrecognized command line option ‘-mssse3’
make: *** [ssse3.o] Error 1
cc1plus: error: unrecognized command line option ‘-msse4.1’
make: *** [sse4_1.o] Error 1
cc1plus: error: unrecognized command line option ‘-msse4.2’
make: *** [sse4_2.o] Error 1
cc1plus: error: unrecognized command line option ‘-mavx’
make: *** [avx.o] Error 1
make: *** Deleting file `neon.o'
make: *** [neon.o] Interrupt
